<?xml version="1.0" encoding="UTF-8"?>
<!-- Generated by org.testng.reporters.JUnitReportReporter -->
<testsuite skipped="0" hostname="Sogotology-pc" name="test.MonthDropDownTest" tests="1" failures="0" timestamp="2020-11-04T17:33:09 CST" time="14.461" errors="0">
  <testcase name="validateMonthDropDown" time="14.461" classname="test.MonthDropDownTest"/>
  <system-out/>
</testsuite> <!-- test.MonthDropDownTest -->
