<?xml version="1.0" encoding="UTF-8"?>
<!-- Generated by org.testng.reporters.JUnitReportReporter -->
<testsuite skipped="0" hostname="Sogotology-pc" name="test.AddACategoryTest" tests="1" failures="0" timestamp="2020-11-04T17:31:51 CST" time="36.712" errors="0">
  <testcase name="userShouldBeAbleToAddCategory" time="36.712" classname="test.AddACategoryTest"/>
  <system-out/>
</testsuite> <!-- test.AddACategoryTest -->
