<?xml version="1.0" encoding="UTF-8"?>
<!-- Generated by org.testng.reporters.JUnitReportReporter -->
<testsuite skipped="0" hostname="Sogotology-pc" name="test.DuplicateCategoryTest" tests="1" failures="0" timestamp="2020-11-04T17:32:36 CST" time="16.256" errors="0">
  <testcase name="userShouldNotBeAbleToAddCategory" time="16.256" classname="test.DuplicateCategoryTest"/>
  <system-out/>
</testsuite> <!-- test.DuplicateCategoryTest -->
